<?xml version="1.0" encoding="UTF-8"?>
<!-- Generated by org.testng.reporters.JUnitXMLReporter -->
<testsuite ignored="0" hostname="DESKTOP-VAFP3A1" failures="0" tests="5" name="my tests" time="8.032" errors="0" timestamp="2025-01-20T16:13:42 IST">
  <testcase classname="day42.FirstTestCase" name="openApp" time="4.491"/>
  <testcase classname="day42.FirstTestCase" name="testLogo" time="3.045"/>
  <testcase classname="day42.FirstTestCase" name="testLogin" time="0.221"/>
  <testcase classname="day42.FirstTestCase" name="closeApp" time="0.227"/>
  <testcase classname="day42.sampleClass" name="f" time="0.001"/>
</testsuite> <!-- my tests -->
