<?xml version="1.0" encoding="UTF-8"?>
<!-- Generated by org.testng.reporters.JUnitXMLReporter -->
<testsuite ignored="0" hostname="DESKTOP-VAFP3A1" failures="0" tests="4" name="Default test" time="9.752" errors="0" timestamp="2025-01-20T15:51:24 IST">
  <testcase classname="day42.FirstTestCase" name="openApp" time="5.069"/>
  <testcase classname="day42.FirstTestCase" name="testLogo" time="3.063"/>
  <testcase classname="day42.FirstTestCase" name="testLogin" time="1.335"/>
  <testcase classname="day42.FirstTestCase" name="closeApp" time="0.241"/>
</testsuite> <!-- Default test -->
