<?xml version="1.0" encoding="UTF-8"?>
<!-- Generated by org.testng.reporters.JUnitXMLReporter -->
<testsuite ignored="0" hostname="DESKTOP-VAFP3A1" failures="0" tests="3" name="chrometest" time="8.978" errors="0" timestamp="2025-01-23T15:25:49 IST">
  <testcase classname="day45.ParamTest" name="testLogo" time="0.045"/>
  <testcase classname="day45.ParamTest" name="testTitle" time="0.011"/>
  <testcase classname="day45.ParamTest" name="testURL" time="0.013"/>
</testsuite> <!-- chrometest -->
