<?xml version="1.0" encoding="UTF-8"?>
<!-- Generated by org.testng.reporters.JUnitXMLReporter -->
<testsuite ignored="0" hostname="DESKTOP-VAFP3A1" failures="0" tests="3" name="edgetest" time="11.497" errors="0" timestamp="2025-01-23T15:25:51 IST">
  <testcase classname="day45.ParamTest" name="testLogo" time="0.053"/>
  <testcase classname="day45.ParamTest" name="testTitle" time="0.016"/>
  <testcase classname="day45.ParamTest" name="testURL" time="0.012"/>
</testsuite> <!-- edgetest -->
