<?xml version="1.0" encoding="UTF-8"?>
<!-- Generated by org.testng.reporters.JUnitXMLReporter -->
<testsuite ignored="0" hostname="DESKTOP-VAFP3A1" failures="0" tests="3" name="firefoxtest" time="12.147" errors="0" timestamp="2025-01-23T15:26:01 IST">
  <testcase classname="day45.ParamTest" name="testLogo" time="0.021"/>
  <testcase classname="day45.ParamTest" name="testTitle" time="0.005"/>
  <testcase classname="day45.ParamTest" name="testURL" time="0.005"/>
</testsuite> <!-- firefoxtest -->
