<?xml version="1.0" encoding="UTF-8"?>
<!-- Generated by org.testng.reporters.JUnitXMLReporter -->
<testsuite ignored="0" hostname="DESKTOP-VAFP3A1" failures="1" tests="3" name="Test" time="9.028" errors="0" timestamp="2025-01-23T23:22:44 IST">
  <testcase classname="day46.OrangeHRM" name="testLogo" time="0.032"/>
  <testcase classname="day46.OrangeHRM" name="testTitle" time="0.014">
    <failure type="java.lang.AssertionError" message="expected [OrangeHRMS] but found [OrangeHRM]">
      <![CDATA[java.lang.AssertionError: expected [OrangeHRMS] but found [OrangeHRM]
at day46.OrangeHRM.testTitle(OrangeHRM.java:42)
at java.base/java.util.ArrayList.forEach(ArrayList.java:1511)
... Removed 33 stack frames]]>
    </failure>
  </testcase> <!-- testTitle -->
  <testcase classname="day46.OrangeHRM" name="testURL" time="0.0">
    <skipped/>
  </testcase> <!-- testURL -->
</testsuite> <!-- Test -->
