<?xml version="1.0" encoding="UTF-8"?>
<!-- Generated by org.testng.reporters.JUnitXMLReporter -->
<testsuite ignored="0" hostname="DESKTOP-VAFP3A1" failures="0" tests="4" name="Test" time="0.06" errors="0" timestamp="2025-01-20T23:40:36 IST">
  <testcase classname="day43.c1" name="A2" time="0.007"/>
  <testcase classname="day43.c1" name="A3" time="0.001"/>
  <testcase classname="day43.c2" name="AC3" time="0.0"/>
  <testcase classname="day43.c2" name="AC2" time="0.002"/>
</testsuite> <!-- Test -->
