<?xml version="1.0" encoding="UTF-8"?>
<testng-results ignored="0" total="4" passed="4" failed="0" skipped="0">
  <reporter-output>
  </reporter-output>
  <suite started-at="2025-01-20T23:40:36 IST" name="Suite" finished-at="2025-01-20T23:40:36 IST" duration-ms="60">
    <groups>
    </groups>
    <test started-at="2025-01-20T23:40:36 IST" name="Test" finished-at="2025-01-20T23:40:36 IST" duration-ms="60">
      <class name="day43.c1">
        <test-method is-config="true" signature="bm()[pri:0, instance:day43.c1@32b260fa]" started-at="2025-01-20T23:40:36 IST" name="bm" finished-at="2025-01-20T23:40:36 IST" duration-ms="1" status="PASS">
          <reporter-output>
          </reporter-output>
        </test-method> <!-- bm -->
        <test-method signature="A2()[pri:2, instance:day43.c1@32b260fa]" started-at="2025-01-20T23:40:36 IST" name="A2" finished-at="2025-01-20T23:40:36 IST" duration-ms="7" status="PASS">
          <reporter-output>
          </reporter-output>
        </test-method> <!-- A2 -->
        <test-method signature="A3()[pri:3, instance:day43.c1@32b260fa]" started-at="2025-01-20T23:40:36 IST" name="A3" finished-at="2025-01-20T23:40:36 IST" duration-ms="1" status="PASS">
          <reporter-output>
          </reporter-output>
        </test-method> <!-- A3 -->
        <test-method is-config="true" signature="am()[pri:0, instance:day43.c1@32b260fa]" started-at="2025-01-20T23:40:36 IST" name="am" finished-at="2025-01-20T23:40:36 IST" duration-ms="1" status="PASS">
          <reporter-output>
          </reporter-output>
        </test-method> <!-- am -->
      </class> <!-- day43.c1 -->
      <class name="day43.c2">
        <test-method is-config="true" signature="bs()[pri:0, instance:day43.c2@3bf9ce3e]" started-at="2025-01-20T23:40:36 IST" name="bs" finished-at="2025-01-20T23:40:36 IST" duration-ms="8" status="PASS">
          <reporter-output>
          </reporter-output>
        </test-method> <!-- bs -->
        <test-method signature="AC3()[pri:1, instance:day43.c2@3bf9ce3e]" started-at="2025-01-20T23:40:36 IST" name="AC3" finished-at="2025-01-20T23:40:36 IST" duration-ms="0" status="PASS">
          <reporter-output>
          </reporter-output>
        </test-method> <!-- AC3 -->
        <test-method signature="AC2()[pri:4, instance:day43.c2@3bf9ce3e]" started-at="2025-01-20T23:40:36 IST" name="AC2" finished-at="2025-01-20T23:40:36 IST" duration-ms="2" status="PASS">
          <reporter-output>
          </reporter-output>
        </test-method> <!-- AC2 -->
        <test-method is-config="true" signature="as()[pri:0, instance:day43.c2@3bf9ce3e]" started-at="2025-01-20T23:40:36 IST" name="as" finished-at="2025-01-20T23:40:36 IST" duration-ms="1" status="PASS">
          <reporter-output>
          </reporter-output>
        </test-method> <!-- as -->
      </class> <!-- day43.c2 -->
    </test> <!-- Test -->
  </suite> <!-- Suite -->
</testng-results>
